<?xml version="1.0" encoding="UTF-8"?>
<!-- Generated by org.testng.reporters.JUnitXMLReporter -->
<testsuite ignored="0" hostname="MS" failures="2" tests="3" name="ErrorValidation Test" time="46.498" errors="0" timestamp="26 Jan 2024 07:10:50 GMT">
  <testcase classname="Project2024.SeleniumFrameWork.ErrorValidationTest" name="VerfiyCartProduct" time="3.403">
    <failure type="java.lang.AssertionError" message="expected [true] but found [false]">
      <![CDATA[java.lang.AssertionError: expected [true] but found [false]
	at Project2024.SeleniumFrameWork.ErrorValidationTest.VerfiyCartProduct(ErrorValidationTest.java:47)
	at java.base/java.util.concurrent.FutureTask.run(FutureTask.java:264)
	at java.base/java.util.concurrent.ThreadPoolExecutor.runWorker(ThreadPoolExecutor.java:1136)
	at java.base/java.util.concurrent.ThreadPoolExecutor$Worker.run(ThreadPoolExecutor.java:635)
	at java.base/java.lang.Thread.run(Thread.java:833)
... Removed 20 stack frames]]>
    </failure>
  </testcase> <!-- VerfiyCartProduct -->
  <testcase classname="Project2024.SeleniumFrameWork.ErrorValidationTest" name="submitOrderTest" time="0.838">
    <skipped/>
  </testcase> <!-- submitOrderTest -->
  <testcase classname="Project2024.SeleniumFrameWork.ErrorValidationTest" name="submitOrderTest" time="0.744">
    <failure type="java.lang.AssertionError" message="expected [Incosrrect email or password.] but found [Incorrect email or password.]">
      <![CDATA[java.lang.AssertionError: expected [Incosrrect email or password.] but found [Incorrect email or password.]
	at Project2024.SeleniumFrameWork.ErrorValidationTest.submitOrderTest(ErrorValidationTest.java:26)
	at java.base/java.util.concurrent.FutureTask.run(FutureTask.java:264)
	at java.base/java.util.concurrent.ThreadPoolExecutor.runWorker(ThreadPoolExecutor.java:1136)
	at java.base/java.util.concurrent.ThreadPoolExecutor$Worker.run(ThreadPoolExecutor.java:635)
	at java.base/java.lang.Thread.run(Thread.java:833)
... Removed 22 stack frames]]>
    </failure>
  </testcase> <!-- submitOrderTest -->
</testsuite> <!-- ErrorValidation Test -->
