<?xml version="1.0" encoding="UTF-8"?>
<!-- Generated by org.testng.reporters.JUnitXMLReporter -->
<testsuite ignored="1" hostname="MS" failures="0" tests="2" name="PurchaseOrder Test" time="0.151" errors="0" timestamp="23 Jan 2024 03:12:09 GMT">
  <testcase classname="TestComponents.baseClass" name="@BeforeMethod startApplication" time="0.0">
    <failure type="java.lang.NullPointerException" message="Cannot invoke &amp;quot;org.openqa.selenium.WebDriver.manage()&amp;quot; because &amp;quot;this.driver&amp;quot; is null">
      <![CDATA[java.lang.NullPointerException: Cannot invoke "org.openqa.selenium.WebDriver.manage()" because "this.driver" is null
	at TestComponents.baseClass.initilizeDriver(baseClass.java:56)
	at TestComponents.baseClass.startApplication(baseClass.java:89)
... Removed 27 stack frames]]>
    </failure>
  </testcase> <!-- @BeforeMethod startApplication -->
  <testcase classname="TestComponents.baseClass" name="@AfterMethod tearDown" time="0.0">
    <failure type="java.lang.NullPointerException" message="Cannot invoke &amp;quot;org.openqa.selenium.WebDriver.close()&amp;quot; because &amp;quot;this.driver&amp;quot; is null">
      <![CDATA[java.lang.NullPointerException: Cannot invoke "org.openqa.selenium.WebDriver.close()" because "this.driver" is null
	at TestComponents.baseClass.tearDown(baseClass.java:97)
... Removed 27 stack frames]]>
    </failure>
  </testcase> <!-- @AfterMethod tearDown -->
  <testcase classname="TestComponents.baseClass" name="@BeforeMethod startApplication" time="0.0">
    <failure type="java.lang.NullPointerException" message="Cannot invoke &amp;quot;org.openqa.selenium.WebDriver.manage()&amp;quot; because &amp;quot;this.driver&amp;quot; is null">
      <![CDATA[java.lang.NullPointerException: Cannot invoke "org.openqa.selenium.WebDriver.manage()" because "this.driver" is null
	at TestComponents.baseClass.initilizeDriver(baseClass.java:56)
	at TestComponents.baseClass.startApplication(baseClass.java:89)
... Removed 27 stack frames]]>
    </failure>
  </testcase> <!-- @BeforeMethod startApplication -->
  <testcase classname="TestComponents.baseClass" name="@AfterMethod tearDown" time="0.0">
    <failure type="java.lang.NullPointerException" message="Cannot invoke &amp;quot;org.openqa.selenium.WebDriver.close()&amp;quot; because &amp;quot;this.driver&amp;quot; is null">
      <![CDATA[java.lang.NullPointerException: Cannot invoke "org.openqa.selenium.WebDriver.close()" because "this.driver" is null
	at TestComponents.baseClass.tearDown(baseClass.java:97)
... Removed 27 stack frames]]>
    </failure>
  </testcase> <!-- @AfterMethod tearDown -->
  <testcase classname="Project2024.SeleniumFrameWork.PurchaseOrderTest" name="submitOrderTest" time="0.003">
    <skipped/>
  </testcase> <!-- submitOrderTest -->
  <testcase classname="Project2024.SeleniumFrameWork.PurchaseOrderTest" name="submitOrderTest" time="0.013">
    <skipped/>
  </testcase> <!-- submitOrderTest -->
  <testcase classname="Project2024.SeleniumFrameWork.PurchaseOrderTest" name="VerifyOrderHistroy" time="0.0">
    <ignored/>
  </testcase> <!-- VerifyOrderHistroy -->
</testsuite> <!-- PurchaseOrder Test -->
